F:\YUNFILES\XFILES\WEBFILES\PPHT_HELPER_C\PPHT_HELPER_C\PPHT_HELPER_C_H.H
F:\YUNFILES\XFILES\WEBFILES\PPHT_HELPER_C\PPHT_HELPER_C\PPHT_HELPER_C_I.C
F:\yunfiles\XFiles\WebFiles\PPHT_Helper_C\PPHT_Helper_C\Release\cl.command.1.tlog
F:\yunfiles\XFiles\WebFiles\PPHT_Helper_C\PPHT_Helper_C\Release\CL.read.1.tlog
F:\yunfiles\XFiles\WebFiles\PPHT_Helper_C\PPHT_Helper_C\Release\CL.write.1.tlog
F:\YUNFILES\XFILES\WEBFILES\PPHT_HELPER_C\PPHT_HELPER_C\RELEASE\COLORHELPER.OBJ
F:\YUNFILES\XFILES\WEBFILES\PPHT_HELPER_C\PPHT_HELPER_C\RELEASE\CONTROLHELPER.OBJ
F:\YUNFILES\XFILES\WEBFILES\PPHT_HELPER_C\PPHT_HELPER_C\RELEASE\CONVERTHELPER.OBJ
F:\YUNFILES\XFILES\WEBFILES\PPHT_HELPER_C\PPHT_HELPER_C\RELEASE\FILEHELPER.OBJ
F:\yunfiles\XFiles\WebFiles\PPHT_Helper_C\PPHT_Helper_C\Release\link.command.1.tlog
F:\yunfiles\XFiles\WebFiles\PPHT_Helper_C\PPHT_Helper_C\Release\link.read.1.tlog
F:\yunfiles\XFiles\WebFiles\PPHT_Helper_C\PPHT_Helper_C\Release\link.write.1.tlog
F:\yunfiles\XFiles\WebFiles\PPHT_Helper_C\PPHT_Helper_C\Release\link-cvtres.read.1.tlog
F:\yunfiles\XFiles\WebFiles\PPHT_Helper_C\PPHT_Helper_C\Release\link-cvtres.write.1.tlog
F:\YUNFILES\XFILES\WEBFILES\PPHT_HELPER_C\PPHT_HELPER_C\RELEASE\MEMORYHELPER.OBJ
F:\yunfiles\XFiles\WebFiles\PPHT_Helper_C\PPHT_Helper_C\Release\midl.command.1.tlog
F:\yunfiles\XFiles\WebFiles\PPHT_Helper_C\PPHT_Helper_C\Release\midl.read.1.tlog
F:\yunfiles\XFiles\WebFiles\PPHT_Helper_C\PPHT_Helper_C\Release\midl.write.1.tlog
F:\yunfiles\XFiles\WebFiles\PPHT_Helper_C\PPHT_Helper_C\Release\midl-midlc.read.1.tlog
F:\yunfiles\XFiles\WebFiles\PPHT_Helper_C\PPHT_Helper_C\Release\midl-midlc.write.1.tlog
F:\yunfiles\XFiles\WebFiles\PPHT_Helper_C\PPHT_Helper_C\Release\midl-midlc-cl.read.1.tlog
F:\yunfiles\XFiles\WebFiles\PPHT_Helper_C\PPHT_Helper_C\Release\mt.command.1.tlog
F:\yunfiles\XFiles\WebFiles\PPHT_Helper_C\PPHT_Helper_C\Release\mt.read.1.tlog
F:\yunfiles\XFiles\WebFiles\PPHT_Helper_C\PPHT_Helper_C\Release\mt.write.1.tlog
F:\YUNFILES\XFILES\WEBFILES\PPHT_HELPER_C\PPHT_HELPER_C\RELEASE\PPHT_HELPER_C.DLL.INTERMEDIATE.MANIFEST
F:\YUNFILES\XFILES\WEBFILES\PPHT_HELPER_C\PPHT_HELPER_C\RELEASE\PPHT_HELPER_C.OBJ
F:\YUNFILES\XFILES\WEBFILES\PPHT_HELPER_C\PPHT_HELPER_C\RELEASE\PPHT_HELPER_C.PCH
F:\YUNFILES\XFILES\WEBFILES\PPHT_HELPER_C\PPHT_HELPER_C\RELEASE\PPHT_HELPER_C.RES
F:\YUNFILES\XFILES\WEBFILES\PPHT_HELPER_C\PPHT_HELPER_C\RELEASE\PPHT_HELPER_C.TLB
F:\yunfiles\XFiles\WebFiles\PPHT_Helper_C\PPHT_Helper_C\Release\PPHT_Helper_C.vcxprojResolveAssemblyReference.cache
F:\yunfiles\XFiles\WebFiles\PPHT_Helper_C\PPHT_Helper_C\Release\PPHT_Helper_C.write.1.tlog
F:\yunfiles\XFiles\WebFiles\PPHT_Helper_C\PPHT_Helper_C\Release\rc.command.1.tlog
F:\yunfiles\XFiles\WebFiles\PPHT_Helper_C\PPHT_Helper_C\Release\rc.read.1.tlog
F:\yunfiles\XFiles\WebFiles\PPHT_Helper_C\PPHT_Helper_C\Release\rc.write.1.tlog
F:\YUNFILES\XFILES\WEBFILES\PPHT_HELPER_C\PPHT_HELPER_C\RELEASE\STDAFX.OBJ
F:\YUNFILES\XFILES\WEBFILES\PPHT_HELPER_C\PPHT_HELPER_C\RELEASE\STRINGHELPER.OBJ
F:\YUNFILES\XFILES\WEBFILES\PPHT_HELPER_C\PPHT_HELPER_C\RELEASE\TINYSTR.OBJ
F:\YUNFILES\XFILES\WEBFILES\PPHT_HELPER_C\PPHT_HELPER_C\RELEASE\TINYXML.OBJ
F:\YUNFILES\XFILES\WEBFILES\PPHT_HELPER_C\PPHT_HELPER_C\RELEASE\TINYXMLERROR.OBJ
F:\YUNFILES\XFILES\WEBFILES\PPHT_HELPER_C\PPHT_HELPER_C\RELEASE\TINYXMLPARSER.OBJ
F:\YUNFILES\XFILES\WEBFILES\PPHT_HELPER_C\PPHT_HELPER_C\RELEASE\VC100.PDB
F:\YUNFILES\XFILES\WEBFILES\PPHT_HELPER_C\PPHT_HELPER_C\RELEASE\WINDOWHELPER.OBJ
F:\YUNFILES\XFILES\WEBFILES\PPHT_HELPER_C\PPHT_HELPER_C\RELEASE\XMLHELPER.OBJ
F:\快盘\XDO\RELEASE\PPHT_HELPER_C.DLL
F:\快盘\XDo\Release\PPHT_Helper_C.exp
F:\快盘\XDo\Release\PPHT_Helper_C.lib
F:\快盘\XDO\RELEASE\PPHT_HELPER_C.PDB
